<?xml version="1.0" encoding="UTF-8"?>
<!-- Generated by org.testng.reporters.JUnitReportReporter -->
<testsuite hostname="Jonal" failures="0" tests="1" name="mobiletesting.appium.AppiumBasics" time="1.129" errors="0" timestamp="2024-07-24T22:35:43 IST" skipped="0">
  <testcase classname="mobiletesting.appium.AppiumBasics" name="WifiSettingsName" time="1.129"/>
</testsuite> <!-- mobiletesting.appium.AppiumBasics -->
